# JRE version: OpenJDK Runtime Environment (8.0_202-b03) (build 1.8.0_202-release-1483-b03)
# Java VM: OpenJDK 64-Bit Server VM (25.202-b03 mixed mode windows-amd64 compressed oops)
Heap:
 PSYoungGen      total 217088K, used 127689K [0x00000000e0000000, 0x00000000ef200000, 0x0000000100000000)
  eden space 211456K, 57% used [0x00000000e0000000,0x00000000e77ac920,0x00000000ece80000)
  from space 5632K, 91% used [0x00000000eec80000,0x00000000ef185df0,0x00000000ef200000)
  to   space 15872K, 0% used [0x00000000ed300000,0x00000000ed300000,0x00000000ee280000)
 ParOldGen       total 81920K, used 30648K [0x00000000a0000000, 0x00000000a5000000, 0x00000000e0000000)
  object space 81920K, 37% used [0x00000000a0000000,0x00000000a1dee248,0x00000000a5000000)
 Metaspace       used 65102K, capacity 67198K, committed 67456K, reserved 1107968K
  class space    used 8817K, capacity 9322K, committed 9344K, reserved 1048576K
GC Heap History (10 events):
Event: 26.380 GC heap before
{Heap before GC invocations=13 (full 2):
 PSYoungGen      total 144896K, used 132096K [0x00000000e0000000, 0x00000000eb700000, 0x0000000100000000)
  eden space 132096K, 100% used [0x00000000e0000000,0x00000000e8100000,0x00000000e8100000)
  from space 12800K, 0% used [0x00000000e8d00000,0x00000000e8d00000,0x00000000e9980000)
  to   space 12288K, 0% used [0x00000000e8100000,0x00000000e8100000,0x00000000e8d00000)
 ParOldGen       total 54272K, used 16139K [0x00000000a0000000, 0x00000000a3500000, 0x00000000e0000000)
  object space 54272K, 29% used [0x00000000a0000000,0x00000000a0fc2ec0,0x00000000a3500000)
 Metaspace       used 46177K, capacity 47510K, committed 47616K, reserved 1089536K
  class space    used 6226K, capacity 6551K, committed 6656K, reserved 1048576K
Event: 26.471 GC heap after
Heap after GC invocations=13 (full 2):
 PSYoungGen      total 144384K, used 12277K [0x00000000e0000000, 0x00000000ec400000, 0x0000000100000000)
  eden space 132096K, 0% used [0x00000000e0000000,0x00000000e0000000,0x00000000e8100000)
  from space 12288K, 99% used [0x00000000e8100000,0x00000000e8cfd5d8,0x00000000e8d00000)
  to   space 15360K, 0% used [0x00000000eb500000,0x00000000eb500000,0x00000000ec400000)
 ParOldGen       total 54272K, used 20783K [0x00000000a0000000, 0x00000000a3500000, 0x00000000e0000000)
  object space 54272K, 38% used [0x00000000a0000000,0x00000000a144bfd8,0x00000000a3500000)
 Metaspace       used 46177K, capacity 47510K, committed 47616K, reserved 1089536K
  class space    used 6226K, capacity 6551K, committed 6656K, reserved 1048576K
}
Event: 35.671 GC heap before
{Heap before GC invocations=14 (full 2):
 PSYoungGen      total 144384K, used 144373K [0x00000000e0000000, 0x00000000ec400000, 0x0000000100000000)
  eden space 132096K, 100% used [0x00000000e0000000,0x00000000e8100000,0x00000000e8100000)
  from space 12288K, 99% used [0x00000000e8100000,0x00000000e8cfd5d8,0x00000000e8d00000)
  to   space 15360K, 0% used [0x00000000eb500000,0x00000000eb500000,0x00000000ec400000)
 ParOldGen       total 54272K, used 20783K [0x00000000a0000000, 0x00000000a3500000, 0x00000000e0000000)
  object space 54272K, 38% used [0x00000000a0000000,0x00000000a144bfd8,0x00000000a3500000)
 Metaspace       used 56369K, capacity 58344K, committed 58624K, reserved 1099776K
  class space    used 7691K, capacity 8093K, committed 8192K, reserved 1048576K
Event: 35.734 GC heap after
Heap after GC invocations=14 (full 2):
 PSYoungGen      total 182272K, used 13394K [0x00000000e0000000, 0x00000000ec400000, 0x0000000100000000)
  eden space 166912K, 0% used [0x00000000e0000000,0x00000000e0000000,0x00000000ea300000)
  from space 15360K, 87% used [0x00000000eb500000,0x00000000ec214910,0x00000000ec400000)
  to   space 16896K, 0% used [0x00000000ea300000,0x00000000ea300000,0x00000000eb380000)
 ParOldGen       total 54272K, used 29364K [0x00000000a0000000, 0x00000000a3500000, 0x00000000e0000000)
  object space 54272K, 54% used [0x00000000a0000000,0x00000000a1cad070,0x00000000a3500000)
 Metaspace       used 56369K, capacity 58344K, committed 58624K, reserved 1099776K
  class space    used 7691K, capacity 8093K, committed 8192K, reserved 1048576K
}
Event: 36.278 GC heap before
{Heap before GC invocations=15 (full 2):
 PSYoungGen      total 182272K, used 30055K [0x00000000e0000000, 0x00000000ec400000, 0x0000000100000000)
  eden space 166912K, 9% used [0x00000000e0000000,0x00000000e10455b0,0x00000000ea300000)
  from space 15360K, 87% used [0x00000000eb500000,0x00000000ec214910,0x00000000ec400000)
  to   space 16896K, 0% used [0x00000000ea300000,0x00000000ea300000,0x00000000eb380000)
 ParOldGen       total 54272K, used 29364K [0x00000000a0000000, 0x00000000a3500000, 0x00000000e0000000)
  object space 54272K, 54% used [0x00000000a0000000,0x00000000a1cad070,0x00000000a3500000)
 Metaspace       used 56991K, capacity 58936K, committed 59096K, reserved 1099776K
  class space    used 7775K, capacity 8207K, committed 8320K, reserved 1048576K
Event: 36.307 GC heap after
Heap after GC invocations=15 (full 2):
 PSYoungGen      total 183808K, used 7293K [0x00000000e0000000, 0x00000000efc80000, 0x0000000100000000)
  eden space 166912K, 0% used [0x00000000e0000000,0x00000000e0000000,0x00000000ea300000)
  from space 16896K, 43% used [0x00000000ea300000,0x00000000eaa1f468,0x00000000eb380000)
  to   space 16384K, 0% used [0x00000000eec80000,0x00000000eec80000,0x00000000efc80000)
 ParOldGen       total 54272K, used 29436K [0x00000000a0000000, 0x00000000a3500000, 0x00000000e0000000)
  object space 54272K, 54% used [0x00000000a0000000,0x00000000a1cbf080,0x00000000a3500000)
 Metaspace       used 56991K, capacity 58936K, committed 59096K, reserved 1099776K
  class space    used 7775K, capacity 8207K, committed 8320K, reserved 1048576K
}
Event: 36.307 GC heap before
{Heap before GC invocations=16 (full 3):
 PSYoungGen      total 183808K, used 7293K [0x00000000e0000000, 0x00000000efc80000, 0x0000000100000000)
  eden space 166912K, 0% used [0x00000000e0000000,0x00000000e0000000,0x00000000ea300000)
  from space 16896K, 43% used [0x00000000ea300000,0x00000000eaa1f468,0x00000000eb380000)
  to   space 16384K, 0% used [0x00000000eec80000,0x00000000eec80000,0x00000000efc80000)
 ParOldGen       total 54272K, used 29436K [0x00000000a0000000, 0x00000000a3500000, 0x00000000e0000000)
  object space 54272K, 54% used [0x00000000a0000000,0x00000000a1cbf080,0x00000000a3500000)
 Metaspace       used 56991K, capacity 58936K, committed 59096K, reserved 1099776K
  class space    used 7775K, capacity 8207K, committed 8320K, reserved 1048576K
Event: 36.829 GC heap after
Heap after GC invocations=16 (full 3):
 PSYoungGen      total 183808K, used 0K [0x00000000e0000000, 0x00000000efc80000, 0x0000000100000000)
  eden space 166912K, 0% used [0x00000000e0000000,0x00000000e0000000,0x00000000ea300000)
  from space 16896K, 0% used [0x00000000ea300000,0x00000000ea300000,0x00000000eb380000)
  to   space 16384K, 0% used [0x00000000eec80000,0x00000000eec80000,0x00000000efc80000)
 ParOldGen       total 81920K, used 30640K [0x00000000a0000000, 0x00000000a5000000, 0x00000000e0000000)
  object space 81920K, 37% used [0x00000000a0000000,0x00000000a1dec248,0x00000000a5000000)
 Metaspace       used 56991K, capacity 58936K, committed 59096K, reserved 1099776K
  class space    used 7775K, capacity 8207K, committed 8320K, reserved 1048576K
}
Event: 87.539 GC heap before
{Heap before GC invocations=17 (full 3):
 PSYoungGen      total 183808K, used 166912K [0x00000000e0000000, 0x00000000efc80000, 0x0000000100000000)
  eden space 166912K, 100% used [0x00000000e0000000,0x00000000ea300000,0x00000000ea300000)
  from space 16896K, 0% used [0x00000000ea300000,0x00000000ea300000,0x00000000eb380000)
  to   space 16384K, 0% used [0x00000000eec80000,0x00000000eec80000,0x00000000efc80000)
 ParOldGen       total 81920K, used 30640K [0x00000000a0000000, 0x00000000a5000000, 0x00000000e0000000)
  object space 81920K, 37% used [0x00000000a0000000,0x00000000a1dec248,0x00000000a5000000)
 Metaspace       used 60815K, capacity 62888K, committed 62976K, reserved 1103872K
  class space    used 8208K, capacity 8675K, committed 8704K, reserved 1048576K
Event: 87.555 GC heap after
Heap after GC invocations=17 (full 3):
 PSYoungGen      total 217088K, used 5143K [0x00000000e0000000, 0x00000000ef200000, 0x0000000100000000)
  eden space 211456K, 0% used [0x00000000e0000000,0x00000000e0000000,0x00000000ece80000)
  from space 5632K, 91% used [0x00000000eec80000,0x00000000ef185df0,0x00000000ef200000)
  to   space 15872K, 0% used [0x00000000ed300000,0x00000000ed300000,0x00000000ee280000)
 ParOldGen       total 81920K, used 30648K [0x00000000a0000000, 0x00000000a5000000, 0x00000000e0000000)
  object space 81920K, 37% used [0x00000000a0000000,0x00000000a1dee248,0x00000000a5000000)
 Metaspace       used 60815K, capacity 62888K, committed 62976K, reserved 1103872K
  class space    used 8208K, capacity 8675K, committed 8704K, reserved 1048576K
}

